<?xml version="1.0" encoding="UTF-8"?>
<coverage generated="1503531558315" clover="3.2.0">
  <project timestamp="1503531558316" name="All files">
    <metrics statements="7" coveredstatements="3" conditionals="0" coveredconditionals="0" methods="5" coveredmethods="1" elements="12" coveredelements="4" complexity="0" loc="7" ncloc="7" packages="1" files="1" classes="1">
      <file name="actions.js" path="/Users/dongeolog/node_apps/buzzn/bubble_chart/app/actions.js">
        <metrics statements="7" coveredstatements="3" conditionals="0" coveredconditionals="0" methods="5" coveredmethods="1"/>
        <line num="1" count="1" type="stmt"/>
        <line num="9" count="1" type="stmt"/>
        <line num="10" count="1" type="stmt"/>
        <line num="11" count="0" type="stmt"/>
        <line num="12" count="0" type="stmt"/>
        <line num="13" count="0" type="stmt"/>
        <line num="14" count="0" type="stmt"/>
      </file>
    </metrics>
  </project>
</coverage>
