{"/Users/dongeolog/node_apps/buzzn/bubble_chart/app/actions.js": {"path":"/Users/dongeolog/node_apps/buzzn/bubble_chart/app/actions.js","statementMap":{"0":{"start":{"line":1,"column":25},"end":{"line":7,"column":1}},"1":{"start":{"line":9,"column":23},"end":{"line":15,"column":1}},"2":{"start":{"line":10,"column":28},"end":{"line":10,"column":69}},"3":{"start":{"line":11,"column":34},"end":{"line":11,"column":82}},"4":{"start":{"line":12,"column":26},"end":{"line":12,"column":64}},"5":{"start":{"line":13,"column":24},"end":{"line":13,"column":60}},"6":{"start":{"line":14,"column":24},"end":{"line":14,"column":62}}},"fnMap":{"0":{"name":"(anonymous_0)","decl":{"start":{"line":10,"column":14},"end":{"line":10,"column":15}},"loc":{"start":{"line":10,"column":28},"end":{"line":10,"column":69}},"line":10},"1":{"name":"(anonymous_1)","decl":{"start":{"line":11,"column":17},"end":{"line":11,"column":18}},"loc":{"start":{"line":11,"column":34},"end":{"line":11,"column":82}},"line":11},"2":{"name":"(anonymous_2)","decl":{"start":{"line":12,"column":13},"end":{"line":12,"column":14}},"loc":{"start":{"line":12,"column":26},"end":{"line":12,"column":64}},"line":12},"3":{"name":"(anonymous_3)","decl":{"start":{"line":13,"column":12},"end":{"line":13,"column":13}},"loc":{"start":{"line":13,"column":24},"end":{"line":13,"column":60}},"line":13},"4":{"name":"(anonymous_4)","decl":{"start":{"line":14,"column":13},"end":{"line":14,"column":14}},"loc":{"start":{"line":14,"column":24},"end":{"line":14,"column":62}},"line":14}},"branchMap":{},"s":{"0":1,"1":1,"2":1,"3":0,"4":0,"5":0,"6":0},"f":{"0":1,"1":0,"2":0,"3":0,"4":0},"b":{},"_coverageSchema":"332fd63041d2c1bcb487cc26dd0d5f7d97098a6c","hash":"79b7c0f4bb0980c53b4db2afa02447081f96e106"}
}
